<?xml version="1.0" encoding="UTF-8"?>
<testsuite name="tests.SearchTest" tests="1" skipped="0" failures="1" errors="0" timestamp="2024-11-01T15:36:20" hostname="ASEM" time="7.417">
  <properties/>
  <testcase name="Set 'Simple Computer' and verify" classname="tests.SearchTest" time="7.417">
    <failure message="org.opentest4j.AssertionFailedError: The product has been added to your shopping cart ==&gt; expected: &lt;true&gt; but was: &lt;false&gt;" type="org.opentest4j.AssertionFailedError">org.opentest4j.AssertionFailedError: The product has been added to your shopping cart ==&gt; expected: &lt;true&gt; but was: &lt;false&gt;
	at app//org.junit.jupiter.api.AssertionFailureBuilder.build(AssertionFailureBuilder.java:151)
	at app//org.junit.jupiter.api.AssertionFailureBuilder.buildAndThrow(AssertionFailureBuilder.java:132)
	at app//org.junit.jupiter.api.AssertTrue.failNotTrue(AssertTrue.java:63)
	at app//org.junit.jupiter.api.AssertTrue.assertTrue(AssertTrue.java:36)
	at app//org.junit.jupiter.api.Assertions.assertTrue(Assertions.java:214)
	at app//tests.SearchTest.testAddProductAndVerifyDetails(SearchTest.java:59)
	at java.base@17.0.11/java.lang.reflect.Method.invoke(Method.java:568)
	at java.base@17.0.11/java.util.ArrayList.forEach(ArrayList.java:1511)
	at java.base@17.0.11/java.util.ArrayList.forEach(ArrayList.java:1511)
</failure>
  </testcase>
  <system-out><![CDATA[]]></system-out>
  <system-err><![CDATA[[Test worker] INFO io.github.bonigarcia.wdm.WebDriverManager - Using chromedriver 130.0.6723.91 (resolved driver for Chrome 130)
[Test worker] INFO io.github.bonigarcia.wdm.WebDriverManager - Exporting webdriver.chrome.driver as C:\Users\Assem\.cache\selenium\chromedriver\win64\130.0.6723.91\chromedriver.exe
нояб. 01, 2024 4:36:23 PM org.openqa.selenium.devtools.CdpVersionFinder findNearestMatch
WARNING: Unable to find an exact match for CDP version 130, returning the closest version; found: 129; Please update to a Selenium version that supports CDP version 130
[Test worker] INFO pages.SearchPage - Searching for item: computer
[Test worker] INFO pages.SearchPage - Clicked on product link: Simple Computer
[Test worker] INFO tests.SearchTest - Selected 'Simple Computer' product
[Test worker] INFO pages.SearchPage - Clicked radio button with value: Slow
[Test worker] INFO pages.SearchPage - Clicked radio button with value: 4 GB
[Test worker] INFO pages.SearchPage - Clicked radio button with value: 400 GB
[Test worker] INFO pages.SearchPage - Clicked checkbox with value: Office Suite
[Test worker] INFO pages.SearchPage - Clicked checkbox with value: Image Viewer
[Test worker] INFO pages.SearchPage - Clicked on 'Add to Cart' button
]]></system-err>
</testsuite>
